<?xml version="1.0" encoding="UTF-8"?>
<!-- Generated by org.testng.reporters.JUnitReportReporter -->
<testsuite hostname="DESKTOP-623ERR5" failures="0" tests="1" name="testscript.ManageCategoryTest" time="16.876" errors="0" timestamp="2025-06-06T11:30:10 IST" skipped="0">
  <testcase classname="testscript.ManageCategoryTest" name="verifyWhetherTheUserCanEnterTheNewCategoryDetails" time="16.876"/>
</testsuite> <!-- testscript.ManageCategoryTest -->
