<?xml version="1.0" encoding="UTF-8"?>
<!-- Generated by org.testng.reporters.JUnitReportReporter -->
<testsuite hostname="DESKTOP-623ERR5" failures="0" tests="1" name="testscript.HomeTest" time="23.079" errors="0" timestamp="2025-05-29T16:59:13 IST" skipped="0">
  <testcase classname="testscript.HomeTest" name="verifywhetheruserisabletologoutsucessfully" time="23.079"/>
</testsuite> <!-- testscript.HomeTest -->
