<?xml version="1.0" encoding="UTF-8"?>
<!-- Generated by org.testng.reporters.JUnitReportReporter -->
<testsuite hostname="DESKTOP-623ERR5" failures="0" tests="4" name="testscript.LoginTest" time="53.741" errors="0" timestamp="2025-06-14T23:12:20 IST" skipped="0">
  <testcase classname="testscript.LoginTest" name="verifyUserLoginwithValidCredentials" time="13.427"/>
  <testcase classname="testscript.LoginTest" name="verifyUserLoginwith_InValidUsernameandvalidpassword" time="10.808"/>
  <testcase classname="testscript.LoginTest" name="verifyUserLoginwith_ValidUsernameandInValidPassword" time="17.468"/>
  <testcase classname="testscript.LoginTest" name="verifyUserLoginwith_InValidCredentials" time="12.038"/>
</testsuite> <!-- testscript.LoginTest -->
