<?xml version="1.0" encoding="UTF-8"?>
<!-- Generated by org.testng.reporters.JUnitReportReporter -->
<testsuite hostname="DESKTOP-623ERR5" failures="0" tests="1" name="testscript.ManageNewsTest" time="17.054" errors="0" timestamp="2025-06-01T23:15:47 IST" skipped="0">
  <testcase classname="testscript.ManageNewsTest" name="verifywhetherUserCanSearchNews" time="17.054"/>
</testsuite> <!-- testscript.ManageNewsTest -->
