<?xml version="1.0" encoding="UTF-8"?>
<!-- Generated by org.testng.reporters.JUnitReportReporter -->
<testsuite hostname="DESKTOP-623ERR5" failures="0" tests="1" name="testscript.ManageCategory" time="10.962" errors="0" timestamp="2025-05-29T22:06:30 IST" skipped="0">
  <testcase classname="testscript.ManageCategory" name="verifyWhetheruserisabetoviewListCategoriesdetailsofadmin" time="10.962"/>
</testsuite> <!-- testscript.ManageCategory -->
