<?xml version="1.0" encoding="UTF-8"?>
<!-- Generated by org.testng.reporters.JUnitReportReporter -->
<testsuite hostname="DESKTOP-623ERR5" failures="0" tests="2" name="testscript.ManageNewsTest" time="18.353" errors="0" timestamp="2025-06-19T13:51:04 IST" skipped="0">
  <testcase classname="testscript.ManageNewsTest" name="verifywhetherUserCanSearchNews" time="9.432"/>
  <testcase classname="testscript.ManageNewsTest" name="verifyWhethertheUsercanaddNewNews" time="8.921"/>
</testsuite> <!-- testscript.ManageNewsTest -->
