<?xml version="1.0" encoding="UTF-8"?>
<!-- Generated by org.testng.reporters.JUnitReportReporter -->
<testsuite hostname="DESKTOP-623ERR5" failures="0" tests="4" name="testscript.LoginTest" time="39.654" errors="0" timestamp="2025-06-10T09:45:44 IST" skipped="0">
  <testcase classname="testscript.LoginTest" name="verify_UserLoginwithValidCredentials" time="12.727"/>
  <testcase classname="testscript.LoginTest" name="verifyUserLoginwith_InValidUsernameandvalidpassword" time="13.892"/>
  <testcase classname="testscript.LoginTest" name="verifyUserLoginwith_ValidUsernameandInValidPassword" time="6.026"/>
  <testcase classname="testscript.LoginTest" name="verifyUserLoginwith_InValidCredentials" time="7.009"/>
</testsuite> <!-- testscript.LoginTest -->
