<?xml version="1.0" encoding="UTF-8"?>
<!-- Generated by org.testng.reporters.JUnitReportReporter -->
<testsuite hostname="DESKTOP-623ERR5" failures="0" tests="3" name="testscript.AdminUserTest" time="1091.728" errors="0" timestamp="2025-06-09T11:26:32 IST" skipped="0">
  <testcase classname="testscript.AdminUserTest" name="verifyWhetherUserIsAbleToAddNewAdminUserOnAdminUserTile" time="180.855"/>
  <testcase classname="testscript.AdminUserTest" name="verifywhetheruserisabletosearchadminusersfromadminusertileusingusername" time="115.070"/>
  <testcase classname="testscript.AdminUserTest" name="verifywhetheruserisabletosearchadminusersfromadminusertileusingusertype" time="795.803"/>
</testsuite> <!-- testscript.AdminUserTest -->
