<?xml version="1.0" encoding="UTF-8"?>
<!-- Generated by org.testng.reporters.JUnitReportReporter -->
<testsuite hostname="DESKTOP-623ERR5" failures="0" tests="1" name="testscript.HomeTest" time="449.441" errors="0" timestamp="2025-06-09T11:26:32 IST" skipped="0">
  <testcase classname="testscript.HomeTest" name="verifywhetheruserisabletologoutsucessfully" time="449.441"/>
</testsuite> <!-- testscript.HomeTest -->
