<?xml version="1.0" encoding="UTF-8"?>
<!-- Generated by org.testng.reporters.JUnitReportReporter -->
<testsuite hostname="DESKTOP-623ERR5" failures="0" tests="1" name="testscript.AdminUserTest" time="15.464" errors="0" timestamp="2025-06-06T12:03:17 IST" skipped="0">
  <testcase classname="testscript.AdminUserTest" name="verifywhetheruserisabletosearchadminusersfromadminusertileusingusertype" time="15.464"/>
</testsuite> <!-- testscript.AdminUserTest -->
