<?xml version="1.0" encoding="UTF-8"?>
<!-- Generated by org.testng.reporters.JUnitReportReporter -->
<testsuite hostname="DESKTOP-623ERR5" failures="0" tests="4" name="testscript.LoginTest" time="27.971" errors="0" timestamp="2025-06-11T21:13:40 IST" skipped="0">
  <testcase classname="testscript.LoginTest" name="verify_UserLoginwithValidCredentials" time="7.205"/>
  <testcase classname="testscript.LoginTest" name="verifyUserLoginwith_InValidUsernameandvalidpassword" time="6.178"/>
  <testcase classname="testscript.LoginTest" name="verifyUserLoginwith_ValidUsernameandInValidPassword" time="8.698"/>
  <testcase classname="testscript.LoginTest" name="verifyUserLoginwith_InValidCredentials" time="5.890"/>
</testsuite> <!-- testscript.LoginTest -->
