<?xml version="1.0" encoding="UTF-8"?>
<!-- Generated by org.testng.reporters.JUnitReportReporter -->
<testsuite hostname="DESKTOP-623ERR5" failures="0" tests="2" name="testscript.AdminUserTest" time="17.840" errors="0" timestamp="2025-06-19T00:18:25 IST" skipped="0">
  <testcase classname="testscript.AdminUserTest" name="verifywhetheruserisabletosearchadminusersfromadminusertileusingusername" time="8.275"/>
  <testcase classname="testscript.AdminUserTest" name="verifyWhetherUserIsAbleToAddNewAdminUserOnAdminUserTile" time="9.565"/>
</testsuite> <!-- testscript.AdminUserTest -->
