<?xml version="1.0" encoding="UTF-8"?>
<!-- Generated by org.testng.reporters.JUnitReportReporter -->
<testsuite hostname="DESKTOP-623ERR5" failures="0" tests="1" name="testscript.ManageNewsTest" time="15.341" errors="0" timestamp="2025-06-02T12:42:23 IST" skipped="0">
  <testcase classname="testscript.ManageNewsTest" name="verifyWhethertheUsercanaddNewNews" time="15.341"/>
</testsuite> <!-- testscript.ManageNewsTest -->
