<?xml version="1.0" encoding="UTF-8"?>
<!-- Generated by org.testng.reporters.JUnitReportReporter -->
<testsuite hostname="DESKTOP-623ERR5" failures="0" tests="2" name="testscript.AdminUserTest" time="20.110" errors="0" timestamp="2025-06-19T13:51:04 IST" skipped="0">
  <testcase classname="testscript.AdminUserTest" name="verifywhetheruserisabletosearchadminusersfromadminusertileusingusername" time="9.615"/>
  <testcase classname="testscript.AdminUserTest" name="verifyWhetherUserIsAbleToAddNewAdminUserOnAdminUserTile" time="10.495"/>
</testsuite> <!-- testscript.AdminUserTest -->
