<?xml version="1.0" encoding="UTF-8"?>
<!-- Generated by org.testng.reporters.JUnitReportReporter -->
<testsuite hostname="DESKTOP-623ERR5" failures="0" tests="2" name="testscript.ManageNewsTest" time="22.481" errors="0" timestamp="2025-06-19T00:18:25 IST" skipped="0">
  <testcase classname="testscript.ManageNewsTest" name="verifywhetherUserCanSearchNews" time="10.797"/>
  <testcase classname="testscript.ManageNewsTest" name="verifyWhethertheUsercanaddNewNews" time="11.684"/>
</testsuite> <!-- testscript.ManageNewsTest -->
