<?xml version="1.0" encoding="UTF-8"?>
<!-- Generated by org.testng.reporters.JUnitReportReporter -->
<testsuite hostname="DESKTOP-623ERR5" failures="0" tests="2" name="testscript.ManageCategoryTest" time="18.720" errors="0" timestamp="2025-06-19T13:51:04 IST" skipped="0">
  <testcase classname="testscript.ManageCategoryTest" name="verifywhetherUsercanSearchTheCategoryDetails" time="8.054"/>
  <testcase classname="testscript.ManageCategoryTest" name="verifyWhetherTheUserCanEnterTheNewCategoryDetails" time="10.666"/>
</testsuite> <!-- testscript.ManageCategoryTest -->
