<?xml version="1.0" encoding="UTF-8"?>
<!-- Generated by org.testng.reporters.JUnitReportReporter -->
<testsuite hostname="DESKTOP-623ERR5" failures="0" tests="2" name="testscript.ManageCategoryTest" time="24.771" errors="0" timestamp="2025-06-11T17:50:11 IST" skipped="0">
  <testcase classname="testscript.ManageCategoryTest" name="verifyWhetherTheUserCanEnterTheNewCategoryDetails" time="14.897"/>
  <testcase classname="testscript.ManageCategoryTest" name="verifywhetherUsercanSearchTheCategoryDetails" time="9.874"/>
</testsuite> <!-- testscript.ManageCategoryTest -->
