<?xml version="1.0" encoding="UTF-8"?>
<!-- Generated by org.testng.reporters.JUnitReportReporter -->
<testsuite hostname="DESKTOP-623ERR5" failures="0" tests="1" name="testscript.AdminUserTest" time="18.005" errors="0" timestamp="2025-06-02T11:42:06 IST" skipped="0">
  <testcase classname="testscript.AdminUserTest" name="verifywhetheruserisabletosearchadminusersfromadminusertileusingusername" time="18.005"/>
</testsuite> <!-- testscript.AdminUserTest -->
