<?xml version="1.0" encoding="UTF-8"?>
<!-- Generated by org.testng.reporters.JUnitReportReporter -->
<testsuite hostname="DESKTOP-623ERR5" failures="0" tests="1" name="testscript.ManageNewsTest" time="13.110" errors="0" timestamp="2025-06-11T18:41:04 IST" skipped="0">
  <testcase classname="testscript.ManageNewsTest" name="verifyWhethertheUsercanaddNewNews" time="13.110"/>
</testsuite> <!-- testscript.ManageNewsTest -->
