<?xml version="1.0" encoding="UTF-8"?>
<!-- Generated by org.testng.reporters.JUnitReportReporter -->
<testsuite hostname="DESKTOP-623ERR5" failures="0" tests="1" name="testscript.ManageCategoryTest" time="22.233" errors="0" timestamp="2025-06-01T23:12:55 IST" skipped="0">
  <testcase classname="testscript.ManageCategoryTest" name="verifywhetherUsercanSearchTheCategoryDetails" time="22.233"/>
</testsuite> <!-- testscript.ManageCategoryTest -->
