<?xml version="1.0" encoding="UTF-8"?>
<!-- Generated by org.testng.reporters.JUnitReportReporter -->
<testsuite hostname="DESKTOP-623ERR5" failures="0" tests="6" name="testscript.LoginTest" time="48.256" errors="0" timestamp="2025-06-19T13:51:04 IST" skipped="0">
  <testcase classname="testscript.LoginTest" name="verifyUserLoginwithValidCredentials" time="9.794"/>
  <testcase classname="testscript.LoginTest" name="verifyUserLoginWithInValidUsernameandvalidpassword" time="14.189"/>
  <testcase classname="testscript.LoginTest" name="verifyUserLoginWithValidUsernameandInValidPassword" time="6.155"/>
  <testcase classname="testscript.LoginTest" name="verifyUserLoginWithInValidCredentials" time="6.005"/>
  <testcase classname="testscript.LoginTest" name="verifyUserLoginWithInValidCredentials" time="5.404"/>
  <testcase classname="testscript.LoginTest" name="verifyUserLoginWithInValidCredentials" time="6.709"/>
</testsuite> <!-- testscript.LoginTest -->
