<?xml version="1.0" encoding="UTF-8"?>
<!-- Generated by org.testng.reporters.JUnitReportReporter -->
<testsuite hostname="DESKTOP-623ERR5" failures="0" tests="3" name="testscript.HomeTest" time="55.683" errors="0" timestamp="2025-06-14T23:40:21 IST" skipped="0">
  <testcase classname="testscript.HomeTest" name="verifywhetheruserisabletologoutsucessfully" time="17.199"/>
  <testcase classname="testscript.HomeTest" name="verifywhetheruserisabletologoutsucessfully" time="25.993"/>
  <testcase classname="testscript.HomeTest" name="verifywhetheruserisabletologoutsucessfully" time="12.491"/>
</testsuite> <!-- testscript.HomeTest -->
