<?xml version="1.0" encoding="UTF-8"?>
<!-- Generated by org.testng.reporters.JUnitReportReporter -->
<testsuite hostname="DESKTOP-623ERR5" failures="0" tests="1" name="testscript.HomeTest" time="8.166" errors="0" timestamp="2025-06-19T13:51:04 IST" skipped="0">
  <testcase classname="testscript.HomeTest" name="verifywhetheruserisabletologoutsucessfully" time="8.166"/>
</testsuite> <!-- testscript.HomeTest -->
