<?xml version="1.0" encoding="UTF-8"?>
<!-- Generated by org.testng.reporters.JUnitReportReporter -->
<testsuite hostname="DESKTOP-623ERR5" failures="0" tests="1" name="testscript.AdminUserTest" time="17.607" errors="0" timestamp="2025-06-01T21:29:53 IST" skipped="0">
  <testcase classname="testscript.AdminUserTest" name="verifywhetheruserisabletoaddnewadminuseronadminusertile" time="17.607"/>
</testsuite> <!-- testscript.AdminUserTest -->
