<?xml version="1.0" encoding="UTF-8"?>
<!-- Generated by org.testng.reporters.JUnitReportReporter -->
<testsuite hostname="DESKTOP-623ERR5" failures="0" tests="1" name="testscript.ManageCategoryTest" time="93.958" errors="0" timestamp="2025-06-06T11:05:19 IST" skipped="0">
  <testcase classname="testscript.ManageCategoryTest" name="verifyWhetherTheUserCanEnterTheNewCategoryDetails" time="93.958"/>
</testsuite> <!-- testscript.ManageCategoryTest -->
