<?xml version="1.0" encoding="UTF-8"?>
<!-- Generated by org.testng.reporters.JUnitReportReporter -->
<testsuite hostname="DESKTOP-623ERR5" failures="0" tests="2" name="testscript.ManageCategoryTest" time="254.856" errors="0" timestamp="2025-06-09T11:26:32 IST" skipped="0">
  <testcase classname="testscript.ManageCategoryTest" name="verifyWhetherTheUserCanEnterTheNewCategoryDetails" time="137.213"/>
  <testcase classname="testscript.ManageCategoryTest" name="verifywhetherUsercanSearchTheCategoryDetails" time="117.643"/>
</testsuite> <!-- testscript.ManageCategoryTest -->
