<?xml version="1.0" encoding="UTF-8"?>
<!-- Generated by org.testng.reporters.JUnitReportReporter -->
<testsuite hostname="DESKTOP-623ERR5" failures="0" tests="1" name="testscript.AdminUserTest" time="11.678" errors="0" timestamp="2025-06-11T18:42:28 IST" skipped="0">
  <testcase classname="testscript.AdminUserTest" name="verifywhetheruserisabletosearchadminusersfromadminusertileusingusername" time="11.678"/>
</testsuite> <!-- testscript.AdminUserTest -->
