<?xml version="1.0" encoding="UTF-8"?>
<!-- Generated by org.testng.reporters.JUnitReportReporter -->
<testsuite hostname="DESKTOP-623ERR5" failures="0" tests="1" name="testscript.HomeTest" time="11.799" errors="0" timestamp="2025-06-11T18:43:12 IST" skipped="0">
  <testcase classname="testscript.HomeTest" name="verifywhetheruserisabletologoutsucessfully" time="11.799"/>
</testsuite> <!-- testscript.HomeTest -->
