<?xml version="1.0" encoding="UTF-8"?>
<!-- Generated by org.testng.reporters.JUnitReportReporter -->
<testsuite hostname="DESKTOP-623ERR5" failures="0" tests="4" name="testscript.LoginTest" time="37.577" errors="0" timestamp="2025-05-27T21:53:47 IST" skipped="0">
  <testcase classname="testscript.LoginTest" name="verifyUserLoginwith_InValidUsernameandvalidpassword" time="8.818"/>
  <testcase classname="testscript.LoginTest" name="verify_UserLoginwithValidCredentials" time="13.693"/>
  <testcase classname="testscript.LoginTest" name="verifyUserLoginwith_ValidUsernameandInValidPassword" time="6.748"/>
  <testcase classname="testscript.LoginTest" name="verifyUserLoginwith_InValidCredentials" time="8.318"/>
</testsuite> <!-- testscript.LoginTest -->
