<?xml version="1.0" encoding="UTF-8"?>
<!-- Generated by org.testng.reporters.JUnitReportReporter -->
<testsuite hostname="DESKTOP-623ERR5" failures="0" tests="2" name="testscript.ManageNewsTest" time="377.003" errors="0" timestamp="2025-06-09T11:26:32 IST" skipped="0">
  <testcase classname="testscript.ManageNewsTest" name="verifyWhethertheUsercanaddNewNews" time="245.185"/>
  <testcase classname="testscript.ManageNewsTest" name="verifywhetherUserCanSearchNews" time="131.818"/>
</testsuite> <!-- testscript.ManageNewsTest -->
