<?xml version="1.0" encoding="UTF-8"?>
<!-- Generated by org.testng.reporters.JUnitReportReporter -->
<testsuite hostname="DESKTOP-623ERR5" failures="0" tests="1" name="seleniumBasics.TestNGAnnotation" time="0.027" errors="0" timestamp="2025-05-25T22:45:03 IST" skipped="0">
  <testcase classname="seleniumBasics.TestNGAnnotation" name="testcase" time="0.027"/>
</testsuite> <!-- seleniumBasics.TestNGAnnotation -->
