<?xml version="1.0" encoding="UTF-8"?>
<!-- Generated by org.testng.reporters.JUnitReportReporter -->
<testsuite hostname="DESKTOP-623ERR5" failures="0" tests="1" name="testscript.LoginTest" time="20.957" errors="0" timestamp="2025-05-27T16:24:36 IST" skipped="0">
  <testcase classname="testscript.LoginTest" name="verifyUserLoginwith_InValidCredentials" time="20.957"/>
</testsuite> <!-- testscript.LoginTest -->
