<?xml version="1.0" encoding="UTF-8"?>
<!-- Generated by org.testng.reporters.JUnitReportReporter -->
<testsuite hostname="DESKTOP-623ERR5" failures="0" tests="1" name="seleniumBasics.TestNGAnnotation" time="0.040" errors="0" timestamp="2025-06-03T09:10:17 IST" skipped="0">
  <testcase classname="seleniumBasics.TestNGAnnotation" name="testcase" time="0.040"/>
</testsuite> <!-- seleniumBasics.TestNGAnnotation -->
